The system is: Darwin - 21.0.1 - arm64
Compiling the C compiler identification source file "CMakeCCompilerId.c" succeeded.
Compiler: /opt/homebrew/bin/gcc-11 
Build flags: 
Id flags:  

The output was:
0


Compilation of the C compiler identification source "CMakeCCompilerId.c" produced "a.out"

The C compiler identification is GNU, found in "/Users/oharayoji/Desktop/AtCoder/ABC/cmake-build-debug/CMakeFiles/3.20.2/CompilerIdC/a.out"

Compiling the CXX compiler identification source file "CMakeCXXCompilerId.cpp" succeeded.
Compiler: /opt/homebrew/bin/g++-11 
Build flags: 
Id flags:  

The output was:
0


Compilation of the CXX compiler identification source "CMakeCXXCompilerId.cpp" produced "a.out"

The CXX compiler identification is GNU, found in "/Users/oharayoji/Desktop/AtCoder/ABC/cmake-build-debug/CMakeFiles/3.20.2/CompilerIdCXX/a.out"

Detecting C compiler ABI info compiled with the following output:
Change Dir: /Users/oharayoji/Desktop/AtCoder/ABC/cmake-build-debug/CMakeFiles/CMakeTmp

Run Build Command(s):/usr/bin/make -f Makefile cmTC_cb14d/fast && /Applications/Xcode.app/Contents/Developer/usr/bin/make  -f CMakeFiles/cmTC_cb14d.dir/build.make CMakeFiles/cmTC_cb14d.dir/build
Building C object CMakeFiles/cmTC_cb14d.dir/CMakeCCompilerABI.c.o
/opt/homebrew/bin/gcc-11   -arch arm64 -isysroot /Applications/Xcode.app/Contents/Developer/Platforms/MacOSX.platform/Developer/SDKs/MacOSX12.0.sdk   -v -Wl,-v -o CMakeFiles/cmTC_cb14d.dir/CMakeCCompilerABI.c.o -c "/Users/oharayoji/Library/Application Support/JetBrains/Toolbox/apps/CLion/ch-0/212.5457.51/CLion.app/Contents/bin/cmake/mac/share/cmake-3.20/Modules/CMakeCCompilerABI.c"
Using built-in specs.
COLLECT_GCC=/opt/homebrew/bin/gcc-11
Target: aarch64-apple-darwin20
Configured with: ../configure --prefix=/opt/homebrew/Cellar/gcc/11.2.0_2 --libdir=/opt/homebrew/Cellar/gcc/11.2.0_2/lib/gcc/11 --disable-nls --enable-checking=release --with-gcc-major-version-only --enable-languages=c,c++,objc,obj-c++,fortran --program-suffix=-11 --with-gmp=/opt/homebrew/opt/gmp --with-mpfr=/opt/homebrew/opt/mpfr --with-mpc=/opt/homebrew/opt/libmpc --with-isl=/opt/homebrew/opt/isl --with-zstd=/opt/homebrew/opt/zstd --with-pkgversion='Homebrew GCC 11.2.0_2' --with-bugurl=https://github.com/Homebrew/homebrew-core/issues --build=aarch64-apple-darwin20 --with-system-zlib --disable-multilib --with-native-system-header-dir=/usr/include --with-sysroot=/Library/Developer/CommandLineTools/SDKs/MacOSX11.sdk
Thread model: posix
Supported LTO compression algorithms: zlib zstd
gcc version 11.1.0 (Homebrew GCC 11.2.0_2) 
COLLECT_GCC_OPTIONS='-isysroot' '/Applications/Xcode.app/Contents/Developer/Platforms/MacOSX.platform/Developer/SDKs/MacOSX12.0.sdk' '-v' '-o' 'CMakeFiles/cmTC_cb14d.dir/CMakeCCompilerABI.c.o' '-c' '-mmacosx-version-min=12.0.0' '-asm_macosx_version_min=12.0' '-mlittle-endian' '-mabi=lp64' '-dumpdir' 'CMakeFiles/cmTC_cb14d.dir/'
 /opt/homebrew/Cellar/gcc/11.2.0_2/libexec/gcc/aarch64-apple-darwin20/11/cc1 -quiet -v -D__DYNAMIC__ -isysroot /Applications/Xcode.app/Contents/Developer/Platforms/MacOSX.platform/Developer/SDKs/MacOSX12.0.sdk /Users/oharayoji/Library/Application Support/JetBrains/Toolbox/apps/CLion/ch-0/212.5457.51/CLion.app/Contents/bin/cmake/mac/share/cmake-3.20/Modules/CMakeCCompilerABI.c -fPIC -quiet -dumpdir CMakeFiles/cmTC_cb14d.dir/ -dumpbase CMakeCCompilerABI.c.c -dumpbase-ext .c -mmacosx-version-min=12.0.0 -mlittle-endian -mabi=lp64 -version -o /var/folders/t2/5krsgwsn1b9bc39l8vvp20vh0000gn/T//ccl83Qr0.s
GNU C17 (Homebrew GCC 11.2.0_2) version 11.1.0 (aarch64-apple-darwin20)
	compiled by GNU C version 11.1.0, GMP version 6.2.1, MPFR version 4.1.0, MPC version 1.2.1, isl version isl-0.24-GMP

GGC heuristics: --param ggc-min-expand=100 --param ggc-min-heapsize=131072
ignoring nonexistent directory "/Applications/Xcode.app/Contents/Developer/Platforms/MacOSX.platform/Developer/SDKs/MacOSX12.0.sdk/usr/local/include"
ignoring nonexistent directory "/opt/homebrew/Cellar/gcc/11.2.0_2/lib/gcc/11/gcc/aarch64-apple-darwin20/11/../../../../../../aarch64-apple-darwin20/include"
ignoring nonexistent directory "/Applications/Xcode.app/Contents/Developer/Platforms/MacOSX.platform/Developer/SDKs/MacOSX12.0.sdk/Library/Frameworks"
#include "..." search starts here:
#include <...> search starts here:
 /opt/homebrew/Cellar/gcc/11.2.0_2/lib/gcc/11/gcc/aarch64-apple-darwin20/11/include
 /opt/homebrew/Cellar/gcc/11.2.0_2/lib/gcc/11/gcc/aarch64-apple-darwin20/11/include-fixed
 /Applications/Xcode.app/Contents/Developer/Platforms/MacOSX.platform/Developer/SDKs/MacOSX12.0.sdk/usr/include
 /Applications/Xcode.app/Contents/Developer/Platforms/MacOSX.platform/Developer/SDKs/MacOSX12.0.sdk/System/Library/Frameworks
End of search list.
GNU C17 (Homebrew GCC 11.2.0_2) version 11.1.0 (aarch64-apple-darwin20)
	compiled by GNU C version 11.1.0, GMP version 6.2.1, MPFR version 4.1.0, MPC version 1.2.1, isl version isl-0.24-GMP

GGC heuristics: --param ggc-min-expand=100 --param ggc-min-heapsize=131072
Compiler executable checksum: 112b70c9cdeb410db64994a6c64b4870
COLLECT_GCC_OPTIONS='-isysroot' '/Applications/Xcode.app/Contents/Developer/Platforms/MacOSX.platform/Developer/SDKs/MacOSX12.0.sdk' '-v' '-o' 'CMakeFiles/cmTC_cb14d.dir/CMakeCCompilerABI.c.o' '-c' '-mmacosx-version-min=12.0.0'  '-mlittle-endian' '-mabi=lp64' '-dumpdir' 'CMakeFiles/cmTC_cb14d.dir/'
 as -arch arm64 -v -mmacosx-version-min=12.0 -o CMakeFiles/cmTC_cb14d.dir/CMakeCCompilerABI.c.o /var/folders/t2/5krsgwsn1b9bc39l8vvp20vh0000gn/T//ccl83Qr0.s
Apple clang version 13.0.0 (clang-1300.0.29.3)
Target: arm64-apple-darwin21.0.1
Thread model: posix
InstalledDir: /Applications/Xcode.app/Contents/Developer/Toolchains/XcodeDefault.xctoolchain/usr/bin
 "/Applications/Xcode.app/Contents/Developer/Toolchains/XcodeDefault.xctoolchain/usr/bin/clang" -cc1as -triple arm64-apple-macosx12.0.0 -filetype obj -main-file-name ccl83Qr0.s -target-cpu apple-m1 -target-feature +v8.5a -target-feature +fp-armv8 -target-feature +neon -target-feature +crc -target-feature +crypto -target-feature +dotprod -target-feature +fp16fml -target-feature +ras -target-feature +lse -target-feature +rdm -target-feature +rcpc -target-feature +zcm -target-feature +zcz -target-feature +fullfp16 -target-feature +sm4 -target-feature +sha3 -target-feature +sha2 -target-feature +aes -fdebug-compilation-dir /Users/oharayoji/Desktop/AtCoder/ABC/cmake-build-debug/CMakeFiles/CMakeTmp -dwarf-debug-producer "Apple clang version 13.0.0 (clang-1300.0.29.3)" -dwarf-version=4 -mrelocation-model pic --mrelax-relocations -mllvm -disable-aligned-alloc-awareness=1 -mllvm -enable-dse-memoryssa=0 -o CMakeFiles/cmTC_cb14d.dir/CMakeCCompilerABI.c.o /var/folders/t2/5krsgwsn1b9bc39l8vvp20vh0000gn/T//ccl83Qr0.s
COMPILER_PATH=/opt/homebrew/Cellar/gcc/11.2.0_2/libexec/gcc/aarch64-apple-darwin20/11/:/opt/homebrew/Cellar/gcc/11.2.0_2/libexec/gcc/aarch64-apple-darwin20/11/:/opt/homebrew/Cellar/gcc/11.2.0_2/libexec/gcc/aarch64-apple-darwin20/:/opt/homebrew/Cellar/gcc/11.2.0_2/lib/gcc/11/gcc/aarch64-apple-darwin20/11/:/opt/homebrew/Cellar/gcc/11.2.0_2/lib/gcc/11/gcc/aarch64-apple-darwin20/
LIBRARY_PATH=/opt/homebrew/Cellar/gcc/11.2.0_2/lib/gcc/11/gcc/aarch64-apple-darwin20/11/:/opt/homebrew/Cellar/gcc/11.2.0_2/lib/gcc/11/gcc/aarch64-apple-darwin20/11/../../../
COLLECT_GCC_OPTIONS='-isysroot' '/Applications/Xcode.app/Contents/Developer/Platforms/MacOSX.platform/Developer/SDKs/MacOSX12.0.sdk' '-v' '-o' 'CMakeFiles/cmTC_cb14d.dir/CMakeCCompilerABI.c.o' '-c' '-mmacosx-version-min=12.0.0'  '-mlittle-endian' '-mabi=lp64' '-dumpdir' 'CMakeFiles/cmTC_cb14d.dir/CMakeCCompilerABI.c.'
Linking C executable cmTC_cb14d
"/Users/oharayoji/Library/Application Support/JetBrains/Toolbox/apps/CLion/ch-0/212.5457.51/CLion.app/Contents/bin/cmake/mac/bin/cmake" -E cmake_link_script CMakeFiles/cmTC_cb14d.dir/link.txt --verbose=1
/opt/homebrew/bin/gcc-11  -arch arm64 -isysroot /Applications/Xcode.app/Contents/Developer/Platforms/MacOSX.platform/Developer/SDKs/MacOSX12.0.sdk -Wl,-search_paths_first -Wl,-headerpad_max_install_names  -v -Wl,-v CMakeFiles/cmTC_cb14d.dir/CMakeCCompilerABI.c.o -o cmTC_cb14d 
Using built-in specs.
COLLECT_GCC=/opt/homebrew/bin/gcc-11
COLLECT_LTO_WRAPPER=/opt/homebrew/Cellar/gcc/11.2.0_2/libexec/gcc/aarch64-apple-darwin20/11/lto-wrapper
Target: aarch64-apple-darwin20
Configured with: ../configure --prefix=/opt/homebrew/Cellar/gcc/11.2.0_2 --libdir=/opt/homebrew/Cellar/gcc/11.2.0_2/lib/gcc/11 --disable-nls --enable-checking=release --with-gcc-major-version-only --enable-languages=c,c++,objc,obj-c++,fortran --program-suffix=-11 --with-gmp=/opt/homebrew/opt/gmp --with-mpfr=/opt/homebrew/opt/mpfr --with-mpc=/opt/homebrew/opt/libmpc --with-isl=/opt/homebrew/opt/isl --with-zstd=/opt/homebrew/opt/zstd --with-pkgversion='Homebrew GCC 11.2.0_2' --with-bugurl=https://github.com/Homebrew/homebrew-core/issues --build=aarch64-apple-darwin20 --with-system-zlib --disable-multilib --with-native-system-header-dir=/usr/include --with-sysroot=/Library/Developer/CommandLineTools/SDKs/MacOSX11.sdk
Thread model: posix
Supported LTO compression algorithms: zlib zstd
gcc version 11.1.0 (Homebrew GCC 11.2.0_2) 
COMPILER_PATH=/opt/homebrew/Cellar/gcc/11.2.0_2/libexec/gcc/aarch64-apple-darwin20/11/:/opt/homebrew/Cellar/gcc/11.2.0_2/libexec/gcc/aarch64-apple-darwin20/11/:/opt/homebrew/Cellar/gcc/11.2.0_2/libexec/gcc/aarch64-apple-darwin20/:/opt/homebrew/Cellar/gcc/11.2.0_2/lib/gcc/11/gcc/aarch64-apple-darwin20/11/:/opt/homebrew/Cellar/gcc/11.2.0_2/lib/gcc/11/gcc/aarch64-apple-darwin20/
LIBRARY_PATH=/opt/homebrew/Cellar/gcc/11.2.0_2/lib/gcc/11/gcc/aarch64-apple-darwin20/11/:/opt/homebrew/Cellar/gcc/11.2.0_2/lib/gcc/11/gcc/aarch64-apple-darwin20/11/../../../
COLLECT_GCC_OPTIONS='-isysroot' '/Applications/Xcode.app/Contents/Developer/Platforms/MacOSX.platform/Developer/SDKs/MacOSX12.0.sdk' '-v' '-o' 'cmTC_cb14d' '-mmacosx-version-min=12.0.0' '-asm_macosx_version_min=12.0' '-mlittle-endian' '-mabi=lp64' '-dumpdir' 'cmTC_cb14d.'
 /opt/homebrew/Cellar/gcc/11.2.0_2/libexec/gcc/aarch64-apple-darwin20/11/collect2 -dynamic -arch arm64 -macosx_version_min 12.0.0 -syslibroot /Applications/Xcode.app/Contents/Developer/Platforms/MacOSX.platform/Developer/SDKs/MacOSX12.0.sdk -weak_reference_mismatches non-weak -o cmTC_cb14d -L/opt/homebrew/Cellar/gcc/11.2.0_2/lib/gcc/11/gcc/aarch64-apple-darwin20/11 -L/opt/homebrew/Cellar/gcc/11.2.0_2/lib/gcc/11/gcc/aarch64-apple-darwin20/11/../../.. -search_paths_first -headerpad_max_install_names -v CMakeFiles/cmTC_cb14d.dir/CMakeCCompilerABI.c.o -lgcc_s.1.1 -lgcc -lSystem -lgcc -no_compact_unwind -rpath @loader_path -rpath /opt/homebrew/Cellar/gcc/11.2.0_2/lib/gcc/11/gcc/aarch64-apple-darwin20/11 -rpath /opt/homebrew/Cellar/gcc/11.2.0_2/lib/gcc/11/gcc/aarch64-apple-darwin20/11/../../.. -v
collect2 version 11.1.0
/usr/bin/ld -dynamic -arch arm64 -macosx_version_min 12.0.0 -syslibroot /Applications/Xcode.app/Contents/Developer/Platforms/MacOSX.platform/Developer/SDKs/MacOSX12.0.sdk -weak_reference_mismatches non-weak -o cmTC_cb14d -L/opt/homebrew/Cellar/gcc/11.2.0_2/lib/gcc/11/gcc/aarch64-apple-darwin20/11 -L/opt/homebrew/Cellar/gcc/11.2.0_2/lib/gcc/11/gcc/aarch64-apple-darwin20/11/../../.. -search_paths_first -headerpad_max_install_names -v CMakeFiles/cmTC_cb14d.dir/CMakeCCompilerABI.c.o -lgcc_s.1.1 -lgcc -lSystem -lgcc -no_compact_unwind -rpath @loader_path -rpath /opt/homebrew/Cellar/gcc/11.2.0_2/lib/gcc/11/gcc/aarch64-apple-darwin20/11 -rpath /opt/homebrew/Cellar/gcc/11.2.0_2/lib/gcc/11/gcc/aarch64-apple-darwin20/11/../../.. -v
@(#)PROGRAM:ld  PROJECT:ld64-711
BUILD 18:11:19 Aug  3 2021
configured to support archs: armv6 armv7 armv7s arm64 arm64e arm64_32 i386 x86_64 x86_64h armv6m armv7k armv7m armv7em
@(#)PROGRAM:ld  PROJECT:ld64-711
BUILD 18:11:19 Aug  3 2021
configured to support archs: armv6 armv7 armv7s arm64 arm64e arm64_32 i386 x86_64 x86_64h armv6m armv7k armv7m armv7em
Library search paths:
	/opt/homebrew/Cellar/gcc/11.2.0_2/lib/gcc/11/gcc/aarch64-apple-darwin20/11
	/opt/homebrew/Cellar/gcc/11.2.0_2/lib/gcc/11
	/Applications/Xcode.app/Contents/Developer/Platforms/MacOSX.platform/Developer/SDKs/MacOSX12.0.sdk/usr/lib
Framework search paths:
	/Applications/Xcode.app/Contents/Developer/Platforms/MacOSX.platform/Developer/SDKs/MacOSX12.0.sdk/System/Library/Frameworks/



Parsed C implicit include dir info from above output: rv=done
  found start of include info
  found start of implicit include info
    add: [/opt/homebrew/Cellar/gcc/11.2.0_2/lib/gcc/11/gcc/aarch64-apple-darwin20/11/include]
    add: [/opt/homebrew/Cellar/gcc/11.2.0_2/lib/gcc/11/gcc/aarch64-apple-darwin20/11/include-fixed]
    add: [/Applications/Xcode.app/Contents/Developer/Platforms/MacOSX.platform/Developer/SDKs/MacOSX12.0.sdk/usr/include]
    add: [/Applications/Xcode.app/Contents/Developer/Platforms/MacOSX.platform/Developer/SDKs/MacOSX12.0.sdk/System/Library/Frameworks]
  end of search list found
  collapse include dir [/opt/homebrew/Cellar/gcc/11.2.0_2/lib/gcc/11/gcc/aarch64-apple-darwin20/11/include] ==> [/opt/homebrew/Cellar/gcc/11.2.0_2/lib/gcc/11/gcc/aarch64-apple-darwin20/11/include]
  collapse include dir [/opt/homebrew/Cellar/gcc/11.2.0_2/lib/gcc/11/gcc/aarch64-apple-darwin20/11/include-fixed] ==> [/opt/homebrew/Cellar/gcc/11.2.0_2/lib/gcc/11/gcc/aarch64-apple-darwin20/11/include-fixed]
  collapse include dir [/Applications/Xcode.app/Contents/Developer/Platforms/MacOSX.platform/Developer/SDKs/MacOSX12.0.sdk/usr/include] ==> [/Applications/Xcode.app/Contents/Developer/Platforms/MacOSX.platform/Developer/SDKs/MacOSX12.0.sdk/usr/include]
  collapse include dir [/Applications/Xcode.app/Contents/Developer/Platforms/MacOSX.platform/Developer/SDKs/MacOSX12.0.sdk/System/Library/Frameworks] ==> [/Applications/Xcode.app/Contents/Developer/Platforms/MacOSX.platform/Developer/SDKs/MacOSX12.0.sdk/System/Library/Frameworks]
  implicit include dirs: [/opt/homebrew/Cellar/gcc/11.2.0_2/lib/gcc/11/gcc/aarch64-apple-darwin20/11/include;/opt/homebrew/Cellar/gcc/11.2.0_2/lib/gcc/11/gcc/aarch64-apple-darwin20/11/include-fixed;/Applications/Xcode.app/Contents/Developer/Platforms/MacOSX.platform/Developer/SDKs/MacOSX12.0.sdk/usr/include;/Applications/Xcode.app/Contents/Developer/Platforms/MacOSX.platform/Developer/SDKs/MacOSX12.0.sdk/System/Library/Frameworks]


Parsed C implicit link information from above output:
  link line regex: [^( *|.*[/\])(ld|CMAKE_LINK_STARTFILE-NOTFOUND|([^/\]+-)?ld|collect2)[^/\]*( |$)]
  ignore line: [Change Dir: /Users/oharayoji/Desktop/AtCoder/ABC/cmake-build-debug/CMakeFiles/CMakeTmp]
  ignore line: []
  ignore line: [Run Build Command(s):/usr/bin/make -f Makefile cmTC_cb14d/fast && /Applications/Xcode.app/Contents/Developer/usr/bin/make  -f CMakeFiles/cmTC_cb14d.dir/build.make CMakeFiles/cmTC_cb14d.dir/build]
  ignore line: [Building C object CMakeFiles/cmTC_cb14d.dir/CMakeCCompilerABI.c.o]
  ignore line: [/opt/homebrew/bin/gcc-11   -arch arm64 -isysroot /Applications/Xcode.app/Contents/Developer/Platforms/MacOSX.platform/Developer/SDKs/MacOSX12.0.sdk   -v -Wl -v -o CMakeFiles/cmTC_cb14d.dir/CMakeCCompilerABI.c.o -c "/Users/oharayoji/Library/Application Support/JetBrains/Toolbox/apps/CLion/ch-0/212.5457.51/CLion.app/Contents/bin/cmake/mac/share/cmake-3.20/Modules/CMakeCCompilerABI.c"]
  ignore line: [Using built-in specs.]
  ignore line: [COLLECT_GCC=/opt/homebrew/bin/gcc-11]
  ignore line: [Target: aarch64-apple-darwin20]
  ignore line: [Configured with: ../configure --prefix=/opt/homebrew/Cellar/gcc/11.2.0_2 --libdir=/opt/homebrew/Cellar/gcc/11.2.0_2/lib/gcc/11 --disable-nls --enable-checking=release --with-gcc-major-version-only --enable-languages=c c++ objc obj-c++ fortran --program-suffix=-11 --with-gmp=/opt/homebrew/opt/gmp --with-mpfr=/opt/homebrew/opt/mpfr --with-mpc=/opt/homebrew/opt/libmpc --with-isl=/opt/homebrew/opt/isl --with-zstd=/opt/homebrew/opt/zstd --with-pkgversion='Homebrew GCC 11.2.0_2' --with-bugurl=https://github.com/Homebrew/homebrew-core/issues --build=aarch64-apple-darwin20 --with-system-zlib --disable-multilib --with-native-system-header-dir=/usr/include --with-sysroot=/Library/Developer/CommandLineTools/SDKs/MacOSX11.sdk]
  ignore line: [Thread model: posix]
  ignore line: [Supported LTO compression algorithms: zlib zstd]
  ignore line: [gcc version 11.1.0 (Homebrew GCC 11.2.0_2) ]
  ignore line: [COLLECT_GCC_OPTIONS='-isysroot' '/Applications/Xcode.app/Contents/Developer/Platforms/MacOSX.platform/Developer/SDKs/MacOSX12.0.sdk' '-v' '-o' 'CMakeFiles/cmTC_cb14d.dir/CMakeCCompilerABI.c.o' '-c' '-mmacosx-version-min=12.0.0' '-asm_macosx_version_min=12.0' '-mlittle-endian' '-mabi=lp64' '-dumpdir' 'CMakeFiles/cmTC_cb14d.dir/']
  ignore line: [ /opt/homebrew/Cellar/gcc/11.2.0_2/libexec/gcc/aarch64-apple-darwin20/11/cc1 -quiet -v -D__DYNAMIC__ -isysroot /Applications/Xcode.app/Contents/Developer/Platforms/MacOSX.platform/Developer/SDKs/MacOSX12.0.sdk /Users/oharayoji/Library/Application Support/JetBrains/Toolbox/apps/CLion/ch-0/212.5457.51/CLion.app/Contents/bin/cmake/mac/share/cmake-3.20/Modules/CMakeCCompilerABI.c -fPIC -quiet -dumpdir CMakeFiles/cmTC_cb14d.dir/ -dumpbase CMakeCCompilerABI.c.c -dumpbase-ext .c -mmacosx-version-min=12.0.0 -mlittle-endian -mabi=lp64 -version -o /var/folders/t2/5krsgwsn1b9bc39l8vvp20vh0000gn/T//ccl83Qr0.s]
  ignore line: [GNU C17 (Homebrew GCC 11.2.0_2) version 11.1.0 (aarch64-apple-darwin20)]
  ignore line: [	compiled by GNU C version 11.1.0  GMP version 6.2.1  MPFR version 4.1.0  MPC version 1.2.1  isl version isl-0.24-GMP]
  ignore line: []
  ignore line: [GGC heuristics: --param ggc-min-expand=100 --param ggc-min-heapsize=131072]
  ignore line: [ignoring nonexistent directory "/Applications/Xcode.app/Contents/Developer/Platforms/MacOSX.platform/Developer/SDKs/MacOSX12.0.sdk/usr/local/include"]
  ignore line: [ignoring nonexistent directory "/opt/homebrew/Cellar/gcc/11.2.0_2/lib/gcc/11/gcc/aarch64-apple-darwin20/11/../../../../../../aarch64-apple-darwin20/include"]
  ignore line: [ignoring nonexistent directory "/Applications/Xcode.app/Contents/Developer/Platforms/MacOSX.platform/Developer/SDKs/MacOSX12.0.sdk/Library/Frameworks"]
  ignore line: [#include "..." search starts here:]
  ignore line: [#include <...> search starts here:]
  ignore line: [ /opt/homebrew/Cellar/gcc/11.2.0_2/lib/gcc/11/gcc/aarch64-apple-darwin20/11/include]
  ignore line: [ /opt/homebrew/Cellar/gcc/11.2.0_2/lib/gcc/11/gcc/aarch64-apple-darwin20/11/include-fixed]
  ignore line: [ /Applications/Xcode.app/Contents/Developer/Platforms/MacOSX.platform/Developer/SDKs/MacOSX12.0.sdk/usr/include]
  ignore line: [ /Applications/Xcode.app/Contents/Developer/Platforms/MacOSX.platform/Developer/SDKs/MacOSX12.0.sdk/System/Library/Frameworks]
  ignore line: [End of search list.]
  ignore line: [GNU C17 (Homebrew GCC 11.2.0_2) version 11.1.0 (aarch64-apple-darwin20)]
  ignore line: [	compiled by GNU C version 11.1.0  GMP version 6.2.1  MPFR version 4.1.0  MPC version 1.2.1  isl version isl-0.24-GMP]
  ignore line: []
  ignore line: [GGC heuristics: --param ggc-min-expand=100 --param ggc-min-heapsize=131072]
  ignore line: [Compiler executable checksum: 112b70c9cdeb410db64994a6c64b4870]
  ignore line: [COLLECT_GCC_OPTIONS='-isysroot' '/Applications/Xcode.app/Contents/Developer/Platforms/MacOSX.platform/Developer/SDKs/MacOSX12.0.sdk' '-v' '-o' 'CMakeFiles/cmTC_cb14d.dir/CMakeCCompilerABI.c.o' '-c' '-mmacosx-version-min=12.0.0'  '-mlittle-endian' '-mabi=lp64' '-dumpdir' 'CMakeFiles/cmTC_cb14d.dir/']
  ignore line: [ as -arch arm64 -v -mmacosx-version-min=12.0 -o CMakeFiles/cmTC_cb14d.dir/CMakeCCompilerABI.c.o /var/folders/t2/5krsgwsn1b9bc39l8vvp20vh0000gn/T//ccl83Qr0.s]
  ignore line: [Apple clang version 13.0.0 (clang-1300.0.29.3)]
  ignore line: [Target: arm64-apple-darwin21.0.1]
  ignore line: [Thread model: posix]
  ignore line: [InstalledDir: /Applications/Xcode.app/Contents/Developer/Toolchains/XcodeDefault.xctoolchain/usr/bin]
  ignore line: [ "/Applications/Xcode.app/Contents/Developer/Toolchains/XcodeDefault.xctoolchain/usr/bin/clang" -cc1as -triple arm64-apple-macosx12.0.0 -filetype obj -main-file-name ccl83Qr0.s -target-cpu apple-m1 -target-feature +v8.5a -target-feature +fp-armv8 -target-feature +neon -target-feature +crc -target-feature +crypto -target-feature +dotprod -target-feature +fp16fml -target-feature +ras -target-feature +lse -target-feature +rdm -target-feature +rcpc -target-feature +zcm -target-feature +zcz -target-feature +fullfp16 -target-feature +sm4 -target-feature +sha3 -target-feature +sha2 -target-feature +aes -fdebug-compilation-dir /Users/oharayoji/Desktop/AtCoder/ABC/cmake-build-debug/CMakeFiles/CMakeTmp -dwarf-debug-producer "Apple clang version 13.0.0 (clang-1300.0.29.3)" -dwarf-version=4 -mrelocation-model pic --mrelax-relocations -mllvm -disable-aligned-alloc-awareness=1 -mllvm -enable-dse-memoryssa=0 -o CMakeFiles/cmTC_cb14d.dir/CMakeCCompilerABI.c.o /var/folders/t2/5krsgwsn1b9bc39l8vvp20vh0000gn/T//ccl83Qr0.s]
  ignore line: [COMPILER_PATH=/opt/homebrew/Cellar/gcc/11.2.0_2/libexec/gcc/aarch64-apple-darwin20/11/:/opt/homebrew/Cellar/gcc/11.2.0_2/libexec/gcc/aarch64-apple-darwin20/11/:/opt/homebrew/Cellar/gcc/11.2.0_2/libexec/gcc/aarch64-apple-darwin20/:/opt/homebrew/Cellar/gcc/11.2.0_2/lib/gcc/11/gcc/aarch64-apple-darwin20/11/:/opt/homebrew/Cellar/gcc/11.2.0_2/lib/gcc/11/gcc/aarch64-apple-darwin20/]
  ignore line: [LIBRARY_PATH=/opt/homebrew/Cellar/gcc/11.2.0_2/lib/gcc/11/gcc/aarch64-apple-darwin20/11/:/opt/homebrew/Cellar/gcc/11.2.0_2/lib/gcc/11/gcc/aarch64-apple-darwin20/11/../../../]
  ignore line: [COLLECT_GCC_OPTIONS='-isysroot' '/Applications/Xcode.app/Contents/Developer/Platforms/MacOSX.platform/Developer/SDKs/MacOSX12.0.sdk' '-v' '-o' 'CMakeFiles/cmTC_cb14d.dir/CMakeCCompilerABI.c.o' '-c' '-mmacosx-version-min=12.0.0'  '-mlittle-endian' '-mabi=lp64' '-dumpdir' 'CMakeFiles/cmTC_cb14d.dir/CMakeCCompilerABI.c.']
  ignore line: [Linking C executable cmTC_cb14d]
  ignore line: ["/Users/oharayoji/Library/Application Support/JetBrains/Toolbox/apps/CLion/ch-0/212.5457.51/CLion.app/Contents/bin/cmake/mac/bin/cmake" -E cmake_link_script CMakeFiles/cmTC_cb14d.dir/link.txt --verbose=1]
  ignore line: [/opt/homebrew/bin/gcc-11  -arch arm64 -isysroot /Applications/Xcode.app/Contents/Developer/Platforms/MacOSX.platform/Developer/SDKs/MacOSX12.0.sdk -Wl -search_paths_first -Wl -headerpad_max_install_names  -v -Wl -v CMakeFiles/cmTC_cb14d.dir/CMakeCCompilerABI.c.o -o cmTC_cb14d ]
  ignore line: [Using built-in specs.]
  ignore line: [COLLECT_GCC=/opt/homebrew/bin/gcc-11]
  ignore line: [COLLECT_LTO_WRAPPER=/opt/homebrew/Cellar/gcc/11.2.0_2/libexec/gcc/aarch64-apple-darwin20/11/lto-wrapper]
  ignore line: [Target: aarch64-apple-darwin20]
  ignore line: [Configured with: ../configure --prefix=/opt/homebrew/Cellar/gcc/11.2.0_2 --libdir=/opt/homebrew/Cellar/gcc/11.2.0_2/lib/gcc/11 --disable-nls --enable-checking=release --with-gcc-major-version-only --enable-languages=c c++ objc obj-c++ fortran --program-suffix=-11 --with-gmp=/opt/homebrew/opt/gmp --with-mpfr=/opt/homebrew/opt/mpfr --with-mpc=/opt/homebrew/opt/libmpc --with-isl=/opt/homebrew/opt/isl --with-zstd=/opt/homebrew/opt/zstd --with-pkgversion='Homebrew GCC 11.2.0_2' --with-bugurl=https://github.com/Homebrew/homebrew-core/issues --build=aarch64-apple-darwin20 --with-system-zlib --disable-multilib --with-native-system-header-dir=/usr/include --with-sysroot=/Library/Developer/CommandLineTools/SDKs/MacOSX11.sdk]
  ignore line: [Thread model: posix]
  ignore line: [Supported LTO compression algorithms: zlib zstd]
  ignore line: [gcc version 11.1.0 (Homebrew GCC 11.2.0_2) ]
  ignore line: [COMPILER_PATH=/opt/homebrew/Cellar/gcc/11.2.0_2/libexec/gcc/aarch64-apple-darwin20/11/:/opt/homebrew/Cellar/gcc/11.2.0_2/libexec/gcc/aarch64-apple-darwin20/11/:/opt/homebrew/Cellar/gcc/11.2.0_2/libexec/gcc/aarch64-apple-darwin20/:/opt/homebrew/Cellar/gcc/11.2.0_2/lib/gcc/11/gcc/aarch64-apple-darwin20/11/:/opt/homebrew/Cellar/gcc/11.2.0_2/lib/gcc/11/gcc/aarch64-apple-darwin20/]
  ignore line: [LIBRARY_PATH=/opt/homebrew/Cellar/gcc/11.2.0_2/lib/gcc/11/gcc/aarch64-apple-darwin20/11/:/opt/homebrew/Cellar/gcc/11.2.0_2/lib/gcc/11/gcc/aarch64-apple-darwin20/11/../../../]
  ignore line: [COLLECT_GCC_OPTIONS='-isysroot' '/Applications/Xcode.app/Contents/Developer/Platforms/MacOSX.platform/Developer/SDKs/MacOSX12.0.sdk' '-v' '-o' 'cmTC_cb14d' '-mmacosx-version-min=12.0.0' '-asm_macosx_version_min=12.0' '-mlittle-endian' '-mabi=lp64' '-dumpdir' 'cmTC_cb14d.']
  link line: [ /opt/homebrew/Cellar/gcc/11.2.0_2/libexec/gcc/aarch64-apple-darwin20/11/collect2 -dynamic -arch arm64 -macosx_version_min 12.0.0 -syslibroot /Applications/Xcode.app/Contents/Developer/Platforms/MacOSX.platform/Developer/SDKs/MacOSX12.0.sdk -weak_reference_mismatches non-weak -o cmTC_cb14d -L/opt/homebrew/Cellar/gcc/11.2.0_2/lib/gcc/11/gcc/aarch64-apple-darwin20/11 -L/opt/homebrew/Cellar/gcc/11.2.0_2/lib/gcc/11/gcc/aarch64-apple-darwin20/11/../../.. -search_paths_first -headerpad_max_install_names -v CMakeFiles/cmTC_cb14d.dir/CMakeCCompilerABI.c.o -lgcc_s.1.1 -lgcc -lSystem -lgcc -no_compact_unwind -rpath @loader_path -rpath /opt/homebrew/Cellar/gcc/11.2.0_2/lib/gcc/11/gcc/aarch64-apple-darwin20/11 -rpath /opt/homebrew/Cellar/gcc/11.2.0_2/lib/gcc/11/gcc/aarch64-apple-darwin20/11/../../.. -v]
    arg [/opt/homebrew/Cellar/gcc/11.2.0_2/libexec/gcc/aarch64-apple-darwin20/11/collect2] ==> ignore
    arg [-dynamic] ==> ignore
    arg [-arch] ==> ignore
    arg [arm64] ==> ignore
    arg [-macosx_version_min] ==> ignore
    arg [12.0.0] ==> ignore
    arg [-syslibroot] ==> ignore
    arg [/Applications/Xcode.app/Contents/Developer/Platforms/MacOSX.platform/Developer/SDKs/MacOSX12.0.sdk] ==> ignore
    arg [-weak_reference_mismatches] ==> ignore
    arg [non-weak] ==> ignore
    arg [-o] ==> ignore
    arg [cmTC_cb14d] ==> ignore
    arg [-L/opt/homebrew/Cellar/gcc/11.2.0_2/lib/gcc/11/gcc/aarch64-apple-darwin20/11] ==> dir [/opt/homebrew/Cellar/gcc/11.2.0_2/lib/gcc/11/gcc/aarch64-apple-darwin20/11]
    arg [-L/opt/homebrew/Cellar/gcc/11.2.0_2/lib/gcc/11/gcc/aarch64-apple-darwin20/11/../../..] ==> dir [/opt/homebrew/Cellar/gcc/11.2.0_2/lib/gcc/11/gcc/aarch64-apple-darwin20/11/../../..]
    arg [-search_paths_first] ==> ignore
    arg [-headerpad_max_install_names] ==> ignore
    arg [-v] ==> ignore
    arg [CMakeFiles/cmTC_cb14d.dir/CMakeCCompilerABI.c.o] ==> ignore
    arg [-lgcc_s.1.1] ==> lib [gcc_s.1.1]
    arg [-lgcc] ==> lib [gcc]
    arg [-lSystem] ==> lib [System]
    arg [-lgcc] ==> lib [gcc]
    arg [-no_compact_unwind] ==> ignore
    arg [-rpath] ==> ignore
    arg [@loader_path] ==> ignore
    arg [-rpath] ==> ignore
    arg [/opt/homebrew/Cellar/gcc/11.2.0_2/lib/gcc/11/gcc/aarch64-apple-darwin20/11] ==> ignore
    arg [-rpath] ==> ignore
    arg [/opt/homebrew/Cellar/gcc/11.2.0_2/lib/gcc/11/gcc/aarch64-apple-darwin20/11/../../..] ==> ignore
    arg [-v] ==> ignore
  Library search paths: [;/opt/homebrew/Cellar/gcc/11.2.0_2/lib/gcc/11/gcc/aarch64-apple-darwin20/11;/opt/homebrew/Cellar/gcc/11.2.0_2/lib/gcc/11;/Applications/Xcode.app/Contents/Developer/Platforms/MacOSX.platform/Developer/SDKs/MacOSX12.0.sdk/usr/lib]
  Framework search paths: [;/Applications/Xcode.app/Contents/Developer/Platforms/MacOSX.platform/Developer/SDKs/MacOSX12.0.sdk/System/Library/Frameworks/]
  remove lib [System]
  collapse library dir [/opt/homebrew/Cellar/gcc/11.2.0_2/lib/gcc/11/gcc/aarch64-apple-darwin20/11] ==> [/opt/homebrew/Cellar/gcc/11.2.0_2/lib/gcc/11/gcc/aarch64-apple-darwin20/11]
  collapse library dir [/opt/homebrew/Cellar/gcc/11.2.0_2/lib/gcc/11/gcc/aarch64-apple-darwin20/11/../../..] ==> [/opt/homebrew/Cellar/gcc/11.2.0_2/lib/gcc/11]
  collapse library dir [/opt/homebrew/Cellar/gcc/11.2.0_2/lib/gcc/11/gcc/aarch64-apple-darwin20/11] ==> [/opt/homebrew/Cellar/gcc/11.2.0_2/lib/gcc/11/gcc/aarch64-apple-darwin20/11]
  collapse library dir [/opt/homebrew/Cellar/gcc/11.2.0_2/lib/gcc/11] ==> [/opt/homebrew/Cellar/gcc/11.2.0_2/lib/gcc/11]
  collapse library dir [/Applications/Xcode.app/Contents/Developer/Platforms/MacOSX.platform/Developer/SDKs/MacOSX12.0.sdk/usr/lib] ==> [/Applications/Xcode.app/Contents/Developer/Platforms/MacOSX.platform/Developer/SDKs/MacOSX12.0.sdk/usr/lib]
  collapse framework dir [/Applications/Xcode.app/Contents/Developer/Platforms/MacOSX.platform/Developer/SDKs/MacOSX12.0.sdk/System/Library/Frameworks/] ==> [/Applications/Xcode.app/Contents/Developer/Platforms/MacOSX.platform/Developer/SDKs/MacOSX12.0.sdk/System/Library/Frameworks]
  implicit libs: [gcc_s.1.1;gcc;gcc]
  implicit objs: []
  implicit dirs: [/opt/homebrew/Cellar/gcc/11.2.0_2/lib/gcc/11/gcc/aarch64-apple-darwin20/11;/opt/homebrew/Cellar/gcc/11.2.0_2/lib/gcc/11;/Applications/Xcode.app/Contents/Developer/Platforms/MacOSX.platform/Developer/SDKs/MacOSX12.0.sdk/usr/lib]
  implicit fwks: [/Applications/Xcode.app/Contents/Developer/Platforms/MacOSX.platform/Developer/SDKs/MacOSX12.0.sdk/System/Library/Frameworks]


Detecting CXX compiler ABI info compiled with the following output:
Change Dir: /Users/oharayoji/Desktop/AtCoder/ABC/cmake-build-debug/CMakeFiles/CMakeTmp

Run Build Command(s):/usr/bin/make -f Makefile cmTC_9553f/fast && /Applications/Xcode.app/Contents/Developer/usr/bin/make  -f CMakeFiles/cmTC_9553f.dir/build.make CMakeFiles/cmTC_9553f.dir/build
Building CXX object CMakeFiles/cmTC_9553f.dir/CMakeCXXCompilerABI.cpp.o
/opt/homebrew/bin/g++-11   -arch arm64 -isysroot /Applications/Xcode.app/Contents/Developer/Platforms/MacOSX.platform/Developer/SDKs/MacOSX12.0.sdk   -v -Wl,-v -o CMakeFiles/cmTC_9553f.dir/CMakeCXXCompilerABI.cpp.o -c "/Users/oharayoji/Library/Application Support/JetBrains/Toolbox/apps/CLion/ch-0/212.5457.51/CLion.app/Contents/bin/cmake/mac/share/cmake-3.20/Modules/CMakeCXXCompilerABI.cpp"
Using built-in specs.
COLLECT_GCC=/opt/homebrew/bin/g++-11
Target: aarch64-apple-darwin20
Configured with: ../configure --prefix=/opt/homebrew/Cellar/gcc/11.2.0_2 --libdir=/opt/homebrew/Cellar/gcc/11.2.0_2/lib/gcc/11 --disable-nls --enable-checking=release --with-gcc-major-version-only --enable-languages=c,c++,objc,obj-c++,fortran --program-suffix=-11 --with-gmp=/opt/homebrew/opt/gmp --with-mpfr=/opt/homebrew/opt/mpfr --with-mpc=/opt/homebrew/opt/libmpc --with-isl=/opt/homebrew/opt/isl --with-zstd=/opt/homebrew/opt/zstd --with-pkgversion='Homebrew GCC 11.2.0_2' --with-bugurl=https://github.com/Homebrew/homebrew-core/issues --build=aarch64-apple-darwin20 --with-system-zlib --disable-multilib --with-native-system-header-dir=/usr/include --with-sysroot=/Library/Developer/CommandLineTools/SDKs/MacOSX11.sdk
Thread model: posix
Supported LTO compression algorithms: zlib zstd
gcc version 11.1.0 (Homebrew GCC 11.2.0_2) 
COLLECT_GCC_OPTIONS='-isysroot' '/Applications/Xcode.app/Contents/Developer/Platforms/MacOSX.platform/Developer/SDKs/MacOSX12.0.sdk' '-v' '-o' 'CMakeFiles/cmTC_9553f.dir/CMakeCXXCompilerABI.cpp.o' '-c' '-mmacosx-version-min=12.0.0' '-asm_macosx_version_min=12.0' '-mlittle-endian' '-mabi=lp64' '-dumpdir' 'CMakeFiles/cmTC_9553f.dir/'
 /opt/homebrew/Cellar/gcc/11.2.0_2/libexec/gcc/aarch64-apple-darwin20/11/cc1plus -quiet -v -D__DYNAMIC__ -isysroot /Applications/Xcode.app/Contents/Developer/Platforms/MacOSX.platform/Developer/SDKs/MacOSX12.0.sdk /Users/oharayoji/Library/Application Support/JetBrains/Toolbox/apps/CLion/ch-0/212.5457.51/CLion.app/Contents/bin/cmake/mac/share/cmake-3.20/Modules/CMakeCXXCompilerABI.cpp -fPIC -quiet -dumpdir CMakeFiles/cmTC_9553f.dir/ -dumpbase CMakeCXXCompilerABI.cpp.cpp -dumpbase-ext .cpp -mmacosx-version-min=12.0.0 -mlittle-endian -mabi=lp64 -version -o /var/folders/t2/5krsgwsn1b9bc39l8vvp20vh0000gn/T//cchgTzCJ.s
GNU C++17 (Homebrew GCC 11.2.0_2) version 11.1.0 (aarch64-apple-darwin20)
	compiled by GNU C version 11.1.0, GMP version 6.2.1, MPFR version 4.1.0, MPC version 1.2.1, isl version isl-0.24-GMP

GGC heuristics: --param ggc-min-expand=100 --param ggc-min-heapsize=131072
ignoring nonexistent directory "/Applications/Xcode.app/Contents/Developer/Platforms/MacOSX.platform/Developer/SDKs/MacOSX12.0.sdk/usr/local/include"
ignoring nonexistent directory "/opt/homebrew/Cellar/gcc/11.2.0_2/lib/gcc/11/gcc/aarch64-apple-darwin20/11/../../../../../../aarch64-apple-darwin20/include"
ignoring nonexistent directory "/Applications/Xcode.app/Contents/Developer/Platforms/MacOSX.platform/Developer/SDKs/MacOSX12.0.sdk/Library/Frameworks"
#include "..." search starts here:
#include <...> search starts here:
 /opt/homebrew/Cellar/gcc/11.2.0_2/lib/gcc/11/gcc/aarch64-apple-darwin20/11/../../../../../../include/c++/11
 /opt/homebrew/Cellar/gcc/11.2.0_2/lib/gcc/11/gcc/aarch64-apple-darwin20/11/../../../../../../include/c++/11/aarch64-apple-darwin20
 /opt/homebrew/Cellar/gcc/11.2.0_2/lib/gcc/11/gcc/aarch64-apple-darwin20/11/../../../../../../include/c++/11/backward
 /opt/homebrew/Cellar/gcc/11.2.0_2/lib/gcc/11/gcc/aarch64-apple-darwin20/11/include
 /opt/homebrew/Cellar/gcc/11.2.0_2/lib/gcc/11/gcc/aarch64-apple-darwin20/11/include-fixed
 /Applications/Xcode.app/Contents/Developer/Platforms/MacOSX.platform/Developer/SDKs/MacOSX12.0.sdk/usr/include
 /Applications/Xcode.app/Contents/Developer/Platforms/MacOSX.platform/Developer/SDKs/MacOSX12.0.sdk/System/Library/Frameworks
End of search list.
GNU C++17 (Homebrew GCC 11.2.0_2) version 11.1.0 (aarch64-apple-darwin20)
	compiled by GNU C version 11.1.0, GMP version 6.2.1, MPFR version 4.1.0, MPC version 1.2.1, isl version isl-0.24-GMP

GGC heuristics: --param ggc-min-expand=100 --param ggc-min-heapsize=131072
Compiler executable checksum: 33dbd44c8b59dc7c7a73bdbc32dd54d4
COLLECT_GCC_OPTIONS='-isysroot' '/Applications/Xcode.app/Contents/Developer/Platforms/MacOSX.platform/Developer/SDKs/MacOSX12.0.sdk' '-v' '-o' 'CMakeFiles/cmTC_9553f.dir/CMakeCXXCompilerABI.cpp.o' '-c' '-mmacosx-version-min=12.0.0'  '-mlittle-endian' '-mabi=lp64' '-dumpdir' 'CMakeFiles/cmTC_9553f.dir/'
 as -arch arm64 -v -mmacosx-version-min=12.0 -o CMakeFiles/cmTC_9553f.dir/CMakeCXXCompilerABI.cpp.o /var/folders/t2/5krsgwsn1b9bc39l8vvp20vh0000gn/T//cchgTzCJ.s
Apple clang version 13.0.0 (clang-1300.0.29.3)
Target: arm64-apple-darwin21.0.1
Thread model: posix
InstalledDir: /Applications/Xcode.app/Contents/Developer/Toolchains/XcodeDefault.xctoolchain/usr/bin
 "/Applications/Xcode.app/Contents/Developer/Toolchains/XcodeDefault.xctoolchain/usr/bin/clang" -cc1as -triple arm64-apple-macosx12.0.0 -filetype obj -main-file-name cchgTzCJ.s -target-cpu apple-m1 -target-feature +v8.5a -target-feature +fp-armv8 -target-feature +neon -target-feature +crc -target-feature +crypto -target-feature +dotprod -target-feature +fp16fml -target-feature +ras -target-feature +lse -target-feature +rdm -target-feature +rcpc -target-feature +zcm -target-feature +zcz -target-feature +fullfp16 -target-feature +sm4 -target-feature +sha3 -target-feature +sha2 -target-feature +aes -fdebug-compilation-dir /Users/oharayoji/Desktop/AtCoder/ABC/cmake-build-debug/CMakeFiles/CMakeTmp -dwarf-debug-producer "Apple clang version 13.0.0 (clang-1300.0.29.3)" -dwarf-version=4 -mrelocation-model pic --mrelax-relocations -mllvm -disable-aligned-alloc-awareness=1 -mllvm -enable-dse-memoryssa=0 -o CMakeFiles/cmTC_9553f.dir/CMakeCXXCompilerABI.cpp.o /var/folders/t2/5krsgwsn1b9bc39l8vvp20vh0000gn/T//cchgTzCJ.s
COMPILER_PATH=/opt/homebrew/Cellar/gcc/11.2.0_2/libexec/gcc/aarch64-apple-darwin20/11/:/opt/homebrew/Cellar/gcc/11.2.0_2/libexec/gcc/aarch64-apple-darwin20/11/:/opt/homebrew/Cellar/gcc/11.2.0_2/libexec/gcc/aarch64-apple-darwin20/:/opt/homebrew/Cellar/gcc/11.2.0_2/lib/gcc/11/gcc/aarch64-apple-darwin20/11/:/opt/homebrew/Cellar/gcc/11.2.0_2/lib/gcc/11/gcc/aarch64-apple-darwin20/
LIBRARY_PATH=/opt/homebrew/Cellar/gcc/11.2.0_2/lib/gcc/11/gcc/aarch64-apple-darwin20/11/:/opt/homebrew/Cellar/gcc/11.2.0_2/lib/gcc/11/gcc/aarch64-apple-darwin20/11/../../../
COLLECT_GCC_OPTIONS='-isysroot' '/Applications/Xcode.app/Contents/Developer/Platforms/MacOSX.platform/Developer/SDKs/MacOSX12.0.sdk' '-v' '-o' 'CMakeFiles/cmTC_9553f.dir/CMakeCXXCompilerABI.cpp.o' '-c' '-mmacosx-version-min=12.0.0'  '-mlittle-endian' '-mabi=lp64' '-dumpdir' 'CMakeFiles/cmTC_9553f.dir/CMakeCXXCompilerABI.cpp.'
Linking CXX executable cmTC_9553f
"/Users/oharayoji/Library/Application Support/JetBrains/Toolbox/apps/CLion/ch-0/212.5457.51/CLion.app/Contents/bin/cmake/mac/bin/cmake" -E cmake_link_script CMakeFiles/cmTC_9553f.dir/link.txt --verbose=1
/opt/homebrew/bin/g++-11  -arch arm64 -isysroot /Applications/Xcode.app/Contents/Developer/Platforms/MacOSX.platform/Developer/SDKs/MacOSX12.0.sdk -Wl,-search_paths_first -Wl,-headerpad_max_install_names  -v -Wl,-v CMakeFiles/cmTC_9553f.dir/CMakeCXXCompilerABI.cpp.o -o cmTC_9553f 
Using built-in specs.
COLLECT_GCC=/opt/homebrew/bin/g++-11
COLLECT_LTO_WRAPPER=/opt/homebrew/Cellar/gcc/11.2.0_2/libexec/gcc/aarch64-apple-darwin20/11/lto-wrapper
Target: aarch64-apple-darwin20
Configured with: ../configure --prefix=/opt/homebrew/Cellar/gcc/11.2.0_2 --libdir=/opt/homebrew/Cellar/gcc/11.2.0_2/lib/gcc/11 --disable-nls --enable-checking=release --with-gcc-major-version-only --enable-languages=c,c++,objc,obj-c++,fortran --program-suffix=-11 --with-gmp=/opt/homebrew/opt/gmp --with-mpfr=/opt/homebrew/opt/mpfr --with-mpc=/opt/homebrew/opt/libmpc --with-isl=/opt/homebrew/opt/isl --with-zstd=/opt/homebrew/opt/zstd --with-pkgversion='Homebrew GCC 11.2.0_2' --with-bugurl=https://github.com/Homebrew/homebrew-core/issues --build=aarch64-apple-darwin20 --with-system-zlib --disable-multilib --with-native-system-header-dir=/usr/include --with-sysroot=/Library/Developer/CommandLineTools/SDKs/MacOSX11.sdk
Thread model: posix
Supported LTO compression algorithms: zlib zstd
gcc version 11.1.0 (Homebrew GCC 11.2.0_2) 
COMPILER_PATH=/opt/homebrew/Cellar/gcc/11.2.0_2/libexec/gcc/aarch64-apple-darwin20/11/:/opt/homebrew/Cellar/gcc/11.2.0_2/libexec/gcc/aarch64-apple-darwin20/11/:/opt/homebrew/Cellar/gcc/11.2.0_2/libexec/gcc/aarch64-apple-darwin20/:/opt/homebrew/Cellar/gcc/11.2.0_2/lib/gcc/11/gcc/aarch64-apple-darwin20/11/:/opt/homebrew/Cellar/gcc/11.2.0_2/lib/gcc/11/gcc/aarch64-apple-darwin20/
LIBRARY_PATH=/opt/homebrew/Cellar/gcc/11.2.0_2/lib/gcc/11/gcc/aarch64-apple-darwin20/11/:/opt/homebrew/Cellar/gcc/11.2.0_2/lib/gcc/11/gcc/aarch64-apple-darwin20/11/../../../
COLLECT_GCC_OPTIONS='-isysroot' '/Applications/Xcode.app/Contents/Developer/Platforms/MacOSX.platform/Developer/SDKs/MacOSX12.0.sdk' '-v' '-o' 'cmTC_9553f' '-mmacosx-version-min=12.0.0' '-asm_macosx_version_min=12.0' '-mlittle-endian' '-mabi=lp64' '-dumpdir' 'cmTC_9553f.'
 /opt/homebrew/Cellar/gcc/11.2.0_2/libexec/gcc/aarch64-apple-darwin20/11/collect2 -dynamic -arch arm64 -macosx_version_min 12.0.0 -syslibroot /Applications/Xcode.app/Contents/Developer/Platforms/MacOSX.platform/Developer/SDKs/MacOSX12.0.sdk -weak_reference_mismatches non-weak -o cmTC_9553f -L/opt/homebrew/Cellar/gcc/11.2.0_2/lib/gcc/11/gcc/aarch64-apple-darwin20/11 -L/opt/homebrew/Cellar/gcc/11.2.0_2/lib/gcc/11/gcc/aarch64-apple-darwin20/11/../../.. -search_paths_first -headerpad_max_install_names -v CMakeFiles/cmTC_9553f.dir/CMakeCXXCompilerABI.cpp.o -lstdc++ -lgcc_s.1.1 -lgcc -lSystem -lgcc -no_compact_unwind -rpath @loader_path -rpath /opt/homebrew/Cellar/gcc/11.2.0_2/lib/gcc/11/gcc/aarch64-apple-darwin20/11 -rpath /opt/homebrew/Cellar/gcc/11.2.0_2/lib/gcc/11/gcc/aarch64-apple-darwin20/11/../../.. -v
collect2 version 11.1.0
/usr/bin/ld -dynamic -arch arm64 -macosx_version_min 12.0.0 -syslibroot /Applications/Xcode.app/Contents/Developer/Platforms/MacOSX.platform/Developer/SDKs/MacOSX12.0.sdk -weak_reference_mismatches non-weak -o cmTC_9553f -L/opt/homebrew/Cellar/gcc/11.2.0_2/lib/gcc/11/gcc/aarch64-apple-darwin20/11 -L/opt/homebrew/Cellar/gcc/11.2.0_2/lib/gcc/11/gcc/aarch64-apple-darwin20/11/../../.. -search_paths_first -headerpad_max_install_names -v CMakeFiles/cmTC_9553f.dir/CMakeCXXCompilerABI.cpp.o -lstdc++ -lgcc_s.1.1 -lgcc -lSystem -lgcc -no_compact_unwind -rpath @loader_path -rpath /opt/homebrew/Cellar/gcc/11.2.0_2/lib/gcc/11/gcc/aarch64-apple-darwin20/11 -rpath /opt/homebrew/Cellar/gcc/11.2.0_2/lib/gcc/11/gcc/aarch64-apple-darwin20/11/../../.. -v
@(#)PROGRAM:ld  PROJECT:ld64-711
BUILD 18:11:19 Aug  3 2021
configured to support archs: armv6 armv7 armv7s arm64 arm64e arm64_32 i386 x86_64 x86_64h armv6m armv7k armv7m armv7em
@(#)PROGRAM:ld  PROJECT:ld64-711
BUILD 18:11:19 Aug  3 2021
configured to support archs: armv6 armv7 armv7s arm64 arm64e arm64_32 i386 x86_64 x86_64h armv6m armv7k armv7m armv7em
Library search paths:
	/opt/homebrew/Cellar/gcc/11.2.0_2/lib/gcc/11/gcc/aarch64-apple-darwin20/11
	/opt/homebrew/Cellar/gcc/11.2.0_2/lib/gcc/11
	/Applications/Xcode.app/Contents/Developer/Platforms/MacOSX.platform/Developer/SDKs/MacOSX12.0.sdk/usr/lib
Framework search paths:
	/Applications/Xcode.app/Contents/Developer/Platforms/MacOSX.platform/Developer/SDKs/MacOSX12.0.sdk/System/Library/Frameworks/



Parsed CXX implicit include dir info from above output: rv=done
  found start of include info
  found start of implicit include info
    add: [/opt/homebrew/Cellar/gcc/11.2.0_2/lib/gcc/11/gcc/aarch64-apple-darwin20/11/../../../../../../include/c++/11]
    add: [/opt/homebrew/Cellar/gcc/11.2.0_2/lib/gcc/11/gcc/aarch64-apple-darwin20/11/../../../../../../include/c++/11/aarch64-apple-darwin20]
    add: [/opt/homebrew/Cellar/gcc/11.2.0_2/lib/gcc/11/gcc/aarch64-apple-darwin20/11/../../../../../../include/c++/11/backward]
    add: [/opt/homebrew/Cellar/gcc/11.2.0_2/lib/gcc/11/gcc/aarch64-apple-darwin20/11/include]
    add: [/opt/homebrew/Cellar/gcc/11.2.0_2/lib/gcc/11/gcc/aarch64-apple-darwin20/11/include-fixed]
    add: [/Applications/Xcode.app/Contents/Developer/Platforms/MacOSX.platform/Developer/SDKs/MacOSX12.0.sdk/usr/include]
    add: [/Applications/Xcode.app/Contents/Developer/Platforms/MacOSX.platform/Developer/SDKs/MacOSX12.0.sdk/System/Library/Frameworks]
  end of search list found
  collapse include dir [/opt/homebrew/Cellar/gcc/11.2.0_2/lib/gcc/11/gcc/aarch64-apple-darwin20/11/../../../../../../include/c++/11] ==> [/opt/homebrew/Cellar/gcc/11.2.0_2/include/c++/11]
  collapse include dir [/opt/homebrew/Cellar/gcc/11.2.0_2/lib/gcc/11/gcc/aarch64-apple-darwin20/11/../../../../../../include/c++/11/aarch64-apple-darwin20] ==> [/opt/homebrew/Cellar/gcc/11.2.0_2/include/c++/11/aarch64-apple-darwin20]
  collapse include dir [/opt/homebrew/Cellar/gcc/11.2.0_2/lib/gcc/11/gcc/aarch64-apple-darwin20/11/../../../../../../include/c++/11/backward] ==> [/opt/homebrew/Cellar/gcc/11.2.0_2/include/c++/11/backward]
  collapse include dir [/opt/homebrew/Cellar/gcc/11.2.0_2/lib/gcc/11/gcc/aarch64-apple-darwin20/11/include] ==> [/opt/homebrew/Cellar/gcc/11.2.0_2/lib/gcc/11/gcc/aarch64-apple-darwin20/11/include]
  collapse include dir [/opt/homebrew/Cellar/gcc/11.2.0_2/lib/gcc/11/gcc/aarch64-apple-darwin20/11/include-fixed] ==> [/opt/homebrew/Cellar/gcc/11.2.0_2/lib/gcc/11/gcc/aarch64-apple-darwin20/11/include-fixed]
  collapse include dir [/Applications/Xcode.app/Contents/Developer/Platforms/MacOSX.platform/Developer/SDKs/MacOSX12.0.sdk/usr/include] ==> [/Applications/Xcode.app/Contents/Developer/Platforms/MacOSX.platform/Developer/SDKs/MacOSX12.0.sdk/usr/include]
  collapse include dir [/Applications/Xcode.app/Contents/Developer/Platforms/MacOSX.platform/Developer/SDKs/MacOSX12.0.sdk/System/Library/Frameworks] ==> [/Applications/Xcode.app/Contents/Developer/Platforms/MacOSX.platform/Developer/SDKs/MacOSX12.0.sdk/System/Library/Frameworks]
  implicit include dirs: [/opt/homebrew/Cellar/gcc/11.2.0_2/include/c++/11;/opt/homebrew/Cellar/gcc/11.2.0_2/include/c++/11/aarch64-apple-darwin20;/opt/homebrew/Cellar/gcc/11.2.0_2/include/c++/11/backward;/opt/homebrew/Cellar/gcc/11.2.0_2/lib/gcc/11/gcc/aarch64-apple-darwin20/11/include;/opt/homebrew/Cellar/gcc/11.2.0_2/lib/gcc/11/gcc/aarch64-apple-darwin20/11/include-fixed;/Applications/Xcode.app/Contents/Developer/Platforms/MacOSX.platform/Developer/SDKs/MacOSX12.0.sdk/usr/include;/Applications/Xcode.app/Contents/Developer/Platforms/MacOSX.platform/Developer/SDKs/MacOSX12.0.sdk/System/Library/Frameworks]


Parsed CXX implicit link information from above output:
  link line regex: [^( *|.*[/\])(ld|CMAKE_LINK_STARTFILE-NOTFOUND|([^/\]+-)?ld|collect2)[^/\]*( |$)]
  ignore line: [Change Dir: /Users/oharayoji/Desktop/AtCoder/ABC/cmake-build-debug/CMakeFiles/CMakeTmp]
  ignore line: []
  ignore line: [Run Build Command(s):/usr/bin/make -f Makefile cmTC_9553f/fast && /Applications/Xcode.app/Contents/Developer/usr/bin/make  -f CMakeFiles/cmTC_9553f.dir/build.make CMakeFiles/cmTC_9553f.dir/build]
  ignore line: [Building CXX object CMakeFiles/cmTC_9553f.dir/CMakeCXXCompilerABI.cpp.o]
  ignore line: [/opt/homebrew/bin/g++-11   -arch arm64 -isysroot /Applications/Xcode.app/Contents/Developer/Platforms/MacOSX.platform/Developer/SDKs/MacOSX12.0.sdk   -v -Wl -v -o CMakeFiles/cmTC_9553f.dir/CMakeCXXCompilerABI.cpp.o -c "/Users/oharayoji/Library/Application Support/JetBrains/Toolbox/apps/CLion/ch-0/212.5457.51/CLion.app/Contents/bin/cmake/mac/share/cmake-3.20/Modules/CMakeCXXCompilerABI.cpp"]
  ignore line: [Using built-in specs.]
  ignore line: [COLLECT_GCC=/opt/homebrew/bin/g++-11]
  ignore line: [Target: aarch64-apple-darwin20]
  ignore line: [Configured with: ../configure --prefix=/opt/homebrew/Cellar/gcc/11.2.0_2 --libdir=/opt/homebrew/Cellar/gcc/11.2.0_2/lib/gcc/11 --disable-nls --enable-checking=release --with-gcc-major-version-only --enable-languages=c c++ objc obj-c++ fortran --program-suffix=-11 --with-gmp=/opt/homebrew/opt/gmp --with-mpfr=/opt/homebrew/opt/mpfr --with-mpc=/opt/homebrew/opt/libmpc --with-isl=/opt/homebrew/opt/isl --with-zstd=/opt/homebrew/opt/zstd --with-pkgversion='Homebrew GCC 11.2.0_2' --with-bugurl=https://github.com/Homebrew/homebrew-core/issues --build=aarch64-apple-darwin20 --with-system-zlib --disable-multilib --with-native-system-header-dir=/usr/include --with-sysroot=/Library/Developer/CommandLineTools/SDKs/MacOSX11.sdk]
  ignore line: [Thread model: posix]
  ignore line: [Supported LTO compression algorithms: zlib zstd]
  ignore line: [gcc version 11.1.0 (Homebrew GCC 11.2.0_2) ]
  ignore line: [COLLECT_GCC_OPTIONS='-isysroot' '/Applications/Xcode.app/Contents/Developer/Platforms/MacOSX.platform/Developer/SDKs/MacOSX12.0.sdk' '-v' '-o' 'CMakeFiles/cmTC_9553f.dir/CMakeCXXCompilerABI.cpp.o' '-c' '-mmacosx-version-min=12.0.0' '-asm_macosx_version_min=12.0' '-mlittle-endian' '-mabi=lp64' '-dumpdir' 'CMakeFiles/cmTC_9553f.dir/']
  ignore line: [ /opt/homebrew/Cellar/gcc/11.2.0_2/libexec/gcc/aarch64-apple-darwin20/11/cc1plus -quiet -v -D__DYNAMIC__ -isysroot /Applications/Xcode.app/Contents/Developer/Platforms/MacOSX.platform/Developer/SDKs/MacOSX12.0.sdk /Users/oharayoji/Library/Application Support/JetBrains/Toolbox/apps/CLion/ch-0/212.5457.51/CLion.app/Contents/bin/cmake/mac/share/cmake-3.20/Modules/CMakeCXXCompilerABI.cpp -fPIC -quiet -dumpdir CMakeFiles/cmTC_9553f.dir/ -dumpbase CMakeCXXCompilerABI.cpp.cpp -dumpbase-ext .cpp -mmacosx-version-min=12.0.0 -mlittle-endian -mabi=lp64 -version -o /var/folders/t2/5krsgwsn1b9bc39l8vvp20vh0000gn/T//cchgTzCJ.s]
  ignore line: [GNU C++17 (Homebrew GCC 11.2.0_2) version 11.1.0 (aarch64-apple-darwin20)]
  ignore line: [	compiled by GNU C version 11.1.0  GMP version 6.2.1  MPFR version 4.1.0  MPC version 1.2.1  isl version isl-0.24-GMP]
  ignore line: []
  ignore line: [GGC heuristics: --param ggc-min-expand=100 --param ggc-min-heapsize=131072]
  ignore line: [ignoring nonexistent directory "/Applications/Xcode.app/Contents/Developer/Platforms/MacOSX.platform/Developer/SDKs/MacOSX12.0.sdk/usr/local/include"]
  ignore line: [ignoring nonexistent directory "/opt/homebrew/Cellar/gcc/11.2.0_2/lib/gcc/11/gcc/aarch64-apple-darwin20/11/../../../../../../aarch64-apple-darwin20/include"]
  ignore line: [ignoring nonexistent directory "/Applications/Xcode.app/Contents/Developer/Platforms/MacOSX.platform/Developer/SDKs/MacOSX12.0.sdk/Library/Frameworks"]
  ignore line: [#include "..." search starts here:]
  ignore line: [#include <...> search starts here:]
  ignore line: [ /opt/homebrew/Cellar/gcc/11.2.0_2/lib/gcc/11/gcc/aarch64-apple-darwin20/11/../../../../../../include/c++/11]
  ignore line: [ /opt/homebrew/Cellar/gcc/11.2.0_2/lib/gcc/11/gcc/aarch64-apple-darwin20/11/../../../../../../include/c++/11/aarch64-apple-darwin20]
  ignore line: [ /opt/homebrew/Cellar/gcc/11.2.0_2/lib/gcc/11/gcc/aarch64-apple-darwin20/11/../../../../../../include/c++/11/backward]
  ignore line: [ /opt/homebrew/Cellar/gcc/11.2.0_2/lib/gcc/11/gcc/aarch64-apple-darwin20/11/include]
  ignore line: [ /opt/homebrew/Cellar/gcc/11.2.0_2/lib/gcc/11/gcc/aarch64-apple-darwin20/11/include-fixed]
  ignore line: [ /Applications/Xcode.app/Contents/Developer/Platforms/MacOSX.platform/Developer/SDKs/MacOSX12.0.sdk/usr/include]
  ignore line: [ /Applications/Xcode.app/Contents/Developer/Platforms/MacOSX.platform/Developer/SDKs/MacOSX12.0.sdk/System/Library/Frameworks]
  ignore line: [End of search list.]
  ignore line: [GNU C++17 (Homebrew GCC 11.2.0_2) version 11.1.0 (aarch64-apple-darwin20)]
  ignore line: [	compiled by GNU C version 11.1.0  GMP version 6.2.1  MPFR version 4.1.0  MPC version 1.2.1  isl version isl-0.24-GMP]
  ignore line: []
  ignore line: [GGC heuristics: --param ggc-min-expand=100 --param ggc-min-heapsize=131072]
  ignore line: [Compiler executable checksum: 33dbd44c8b59dc7c7a73bdbc32dd54d4]
  ignore line: [COLLECT_GCC_OPTIONS='-isysroot' '/Applications/Xcode.app/Contents/Developer/Platforms/MacOSX.platform/Developer/SDKs/MacOSX12.0.sdk' '-v' '-o' 'CMakeFiles/cmTC_9553f.dir/CMakeCXXCompilerABI.cpp.o' '-c' '-mmacosx-version-min=12.0.0'  '-mlittle-endian' '-mabi=lp64' '-dumpdir' 'CMakeFiles/cmTC_9553f.dir/']
  ignore line: [ as -arch arm64 -v -mmacosx-version-min=12.0 -o CMakeFiles/cmTC_9553f.dir/CMakeCXXCompilerABI.cpp.o /var/folders/t2/5krsgwsn1b9bc39l8vvp20vh0000gn/T//cchgTzCJ.s]
  ignore line: [Apple clang version 13.0.0 (clang-1300.0.29.3)]
  ignore line: [Target: arm64-apple-darwin21.0.1]
  ignore line: [Thread model: posix]
  ignore line: [InstalledDir: /Applications/Xcode.app/Contents/Developer/Toolchains/XcodeDefault.xctoolchain/usr/bin]
  ignore line: [ "/Applications/Xcode.app/Contents/Developer/Toolchains/XcodeDefault.xctoolchain/usr/bin/clang" -cc1as -triple arm64-apple-macosx12.0.0 -filetype obj -main-file-name cchgTzCJ.s -target-cpu apple-m1 -target-feature +v8.5a -target-feature +fp-armv8 -target-feature +neon -target-feature +crc -target-feature +crypto -target-feature +dotprod -target-feature +fp16fml -target-feature +ras -target-feature +lse -target-feature +rdm -target-feature +rcpc -target-feature +zcm -target-feature +zcz -target-feature +fullfp16 -target-feature +sm4 -target-feature +sha3 -target-feature +sha2 -target-feature +aes -fdebug-compilation-dir /Users/oharayoji/Desktop/AtCoder/ABC/cmake-build-debug/CMakeFiles/CMakeTmp -dwarf-debug-producer "Apple clang version 13.0.0 (clang-1300.0.29.3)" -dwarf-version=4 -mrelocation-model pic --mrelax-relocations -mllvm -disable-aligned-alloc-awareness=1 -mllvm -enable-dse-memoryssa=0 -o CMakeFiles/cmTC_9553f.dir/CMakeCXXCompilerABI.cpp.o /var/folders/t2/5krsgwsn1b9bc39l8vvp20vh0000gn/T//cchgTzCJ.s]
  ignore line: [COMPILER_PATH=/opt/homebrew/Cellar/gcc/11.2.0_2/libexec/gcc/aarch64-apple-darwin20/11/:/opt/homebrew/Cellar/gcc/11.2.0_2/libexec/gcc/aarch64-apple-darwin20/11/:/opt/homebrew/Cellar/gcc/11.2.0_2/libexec/gcc/aarch64-apple-darwin20/:/opt/homebrew/Cellar/gcc/11.2.0_2/lib/gcc/11/gcc/aarch64-apple-darwin20/11/:/opt/homebrew/Cellar/gcc/11.2.0_2/lib/gcc/11/gcc/aarch64-apple-darwin20/]
  ignore line: [LIBRARY_PATH=/opt/homebrew/Cellar/gcc/11.2.0_2/lib/gcc/11/gcc/aarch64-apple-darwin20/11/:/opt/homebrew/Cellar/gcc/11.2.0_2/lib/gcc/11/gcc/aarch64-apple-darwin20/11/../../../]
  ignore line: [COLLECT_GCC_OPTIONS='-isysroot' '/Applications/Xcode.app/Contents/Developer/Platforms/MacOSX.platform/Developer/SDKs/MacOSX12.0.sdk' '-v' '-o' 'CMakeFiles/cmTC_9553f.dir/CMakeCXXCompilerABI.cpp.o' '-c' '-mmacosx-version-min=12.0.0'  '-mlittle-endian' '-mabi=lp64' '-dumpdir' 'CMakeFiles/cmTC_9553f.dir/CMakeCXXCompilerABI.cpp.']
  ignore line: [Linking CXX executable cmTC_9553f]
  ignore line: ["/Users/oharayoji/Library/Application Support/JetBrains/Toolbox/apps/CLion/ch-0/212.5457.51/CLion.app/Contents/bin/cmake/mac/bin/cmake" -E cmake_link_script CMakeFiles/cmTC_9553f.dir/link.txt --verbose=1]
  ignore line: [/opt/homebrew/bin/g++-11  -arch arm64 -isysroot /Applications/Xcode.app/Contents/Developer/Platforms/MacOSX.platform/Developer/SDKs/MacOSX12.0.sdk -Wl -search_paths_first -Wl -headerpad_max_install_names  -v -Wl -v CMakeFiles/cmTC_9553f.dir/CMakeCXXCompilerABI.cpp.o -o cmTC_9553f ]
  ignore line: [Using built-in specs.]
  ignore line: [COLLECT_GCC=/opt/homebrew/bin/g++-11]
  ignore line: [COLLECT_LTO_WRAPPER=/opt/homebrew/Cellar/gcc/11.2.0_2/libexec/gcc/aarch64-apple-darwin20/11/lto-wrapper]
  ignore line: [Target: aarch64-apple-darwin20]
  ignore line: [Configured with: ../configure --prefix=/opt/homebrew/Cellar/gcc/11.2.0_2 --libdir=/opt/homebrew/Cellar/gcc/11.2.0_2/lib/gcc/11 --disable-nls --enable-checking=release --with-gcc-major-version-only --enable-languages=c c++ objc obj-c++ fortran --program-suffix=-11 --with-gmp=/opt/homebrew/opt/gmp --with-mpfr=/opt/homebrew/opt/mpfr --with-mpc=/opt/homebrew/opt/libmpc --with-isl=/opt/homebrew/opt/isl --with-zstd=/opt/homebrew/opt/zstd --with-pkgversion='Homebrew GCC 11.2.0_2' --with-bugurl=https://github.com/Homebrew/homebrew-core/issues --build=aarch64-apple-darwin20 --with-system-zlib --disable-multilib --with-native-system-header-dir=/usr/include --with-sysroot=/Library/Developer/CommandLineTools/SDKs/MacOSX11.sdk]
  ignore line: [Thread model: posix]
  ignore line: [Supported LTO compression algorithms: zlib zstd]
  ignore line: [gcc version 11.1.0 (Homebrew GCC 11.2.0_2) ]
  ignore line: [COMPILER_PATH=/opt/homebrew/Cellar/gcc/11.2.0_2/libexec/gcc/aarch64-apple-darwin20/11/:/opt/homebrew/Cellar/gcc/11.2.0_2/libexec/gcc/aarch64-apple-darwin20/11/:/opt/homebrew/Cellar/gcc/11.2.0_2/libexec/gcc/aarch64-apple-darwin20/:/opt/homebrew/Cellar/gcc/11.2.0_2/lib/gcc/11/gcc/aarch64-apple-darwin20/11/:/opt/homebrew/Cellar/gcc/11.2.0_2/lib/gcc/11/gcc/aarch64-apple-darwin20/]
  ignore line: [LIBRARY_PATH=/opt/homebrew/Cellar/gcc/11.2.0_2/lib/gcc/11/gcc/aarch64-apple-darwin20/11/:/opt/homebrew/Cellar/gcc/11.2.0_2/lib/gcc/11/gcc/aarch64-apple-darwin20/11/../../../]
  ignore line: [COLLECT_GCC_OPTIONS='-isysroot' '/Applications/Xcode.app/Contents/Developer/Platforms/MacOSX.platform/Developer/SDKs/MacOSX12.0.sdk' '-v' '-o' 'cmTC_9553f' '-mmacosx-version-min=12.0.0' '-asm_macosx_version_min=12.0' '-mlittle-endian' '-mabi=lp64' '-dumpdir' 'cmTC_9553f.']
  link line: [ /opt/homebrew/Cellar/gcc/11.2.0_2/libexec/gcc/aarch64-apple-darwin20/11/collect2 -dynamic -arch arm64 -macosx_version_min 12.0.0 -syslibroot /Applications/Xcode.app/Contents/Developer/Platforms/MacOSX.platform/Developer/SDKs/MacOSX12.0.sdk -weak_reference_mismatches non-weak -o cmTC_9553f -L/opt/homebrew/Cellar/gcc/11.2.0_2/lib/gcc/11/gcc/aarch64-apple-darwin20/11 -L/opt/homebrew/Cellar/gcc/11.2.0_2/lib/gcc/11/gcc/aarch64-apple-darwin20/11/../../.. -search_paths_first -headerpad_max_install_names -v CMakeFiles/cmTC_9553f.dir/CMakeCXXCompilerABI.cpp.o -lstdc++ -lgcc_s.1.1 -lgcc -lSystem -lgcc -no_compact_unwind -rpath @loader_path -rpath /opt/homebrew/Cellar/gcc/11.2.0_2/lib/gcc/11/gcc/aarch64-apple-darwin20/11 -rpath /opt/homebrew/Cellar/gcc/11.2.0_2/lib/gcc/11/gcc/aarch64-apple-darwin20/11/../../.. -v]
    arg [/opt/homebrew/Cellar/gcc/11.2.0_2/libexec/gcc/aarch64-apple-darwin20/11/collect2] ==> ignore
    arg [-dynamic] ==> ignore
    arg [-arch] ==> ignore
    arg [arm64] ==> ignore
    arg [-macosx_version_min] ==> ignore
    arg [12.0.0] ==> ignore
    arg [-syslibroot] ==> ignore
    arg [/Applications/Xcode.app/Contents/Developer/Platforms/MacOSX.platform/Developer/SDKs/MacOSX12.0.sdk] ==> ignore
    arg [-weak_reference_mismatches] ==> ignore
    arg [non-weak] ==> ignore
    arg [-o] ==> ignore
    arg [cmTC_9553f] ==> ignore
    arg [-L/opt/homebrew/Cellar/gcc/11.2.0_2/lib/gcc/11/gcc/aarch64-apple-darwin20/11] ==> dir [/opt/homebrew/Cellar/gcc/11.2.0_2/lib/gcc/11/gcc/aarch64-apple-darwin20/11]
    arg [-L/opt/homebrew/Cellar/gcc/11.2.0_2/lib/gcc/11/gcc/aarch64-apple-darwin20/11/../../..] ==> dir [/opt/homebrew/Cellar/gcc/11.2.0_2/lib/gcc/11/gcc/aarch64-apple-darwin20/11/../../..]
    arg [-search_paths_first] ==> ignore
    arg [-headerpad_max_install_names] ==> ignore
    arg [-v] ==> ignore
    arg [CMakeFiles/cmTC_9553f.dir/CMakeCXXCompilerABI.cpp.o] ==> ignore
    arg [-lstdc++] ==> lib [stdc++]
    arg [-lgcc_s.1.1] ==> lib [gcc_s.1.1]
    arg [-lgcc] ==> lib [gcc]
    arg [-lSystem] ==> lib [System]
    arg [-lgcc] ==> lib [gcc]
    arg [-no_compact_unwind] ==> ignore
    arg [-rpath] ==> ignore
    arg [@loader_path] ==> ignore
    arg [-rpath] ==> ignore
    arg [/opt/homebrew/Cellar/gcc/11.2.0_2/lib/gcc/11/gcc/aarch64-apple-darwin20/11] ==> ignore
    arg [-rpath] ==> ignore
    arg [/opt/homebrew/Cellar/gcc/11.2.0_2/lib/gcc/11/gcc/aarch64-apple-darwin20/11/../../..] ==> ignore
    arg [-v] ==> ignore
  Library search paths: [;/opt/homebrew/Cellar/gcc/11.2.0_2/lib/gcc/11/gcc/aarch64-apple-darwin20/11;/opt/homebrew/Cellar/gcc/11.2.0_2/lib/gcc/11;/Applications/Xcode.app/Contents/Developer/Platforms/MacOSX.platform/Developer/SDKs/MacOSX12.0.sdk/usr/lib]
  Framework search paths: [;/Applications/Xcode.app/Contents/Developer/Platforms/MacOSX.platform/Developer/SDKs/MacOSX12.0.sdk/System/Library/Frameworks/]
  remove lib [System]
  collapse library dir [/opt/homebrew/Cellar/gcc/11.2.0_2/lib/gcc/11/gcc/aarch64-apple-darwin20/11] ==> [/opt/homebrew/Cellar/gcc/11.2.0_2/lib/gcc/11/gcc/aarch64-apple-darwin20/11]
  collapse library dir [/opt/homebrew/Cellar/gcc/11.2.0_2/lib/gcc/11/gcc/aarch64-apple-darwin20/11/../../..] ==> [/opt/homebrew/Cellar/gcc/11.2.0_2/lib/gcc/11]
  collapse library dir [/opt/homebrew/Cellar/gcc/11.2.0_2/lib/gcc/11/gcc/aarch64-apple-darwin20/11] ==> [/opt/homebrew/Cellar/gcc/11.2.0_2/lib/gcc/11/gcc/aarch64-apple-darwin20/11]
  collapse library dir [/opt/homebrew/Cellar/gcc/11.2.0_2/lib/gcc/11] ==> [/opt/homebrew/Cellar/gcc/11.2.0_2/lib/gcc/11]
  collapse library dir [/Applications/Xcode.app/Contents/Developer/Platforms/MacOSX.platform/Developer/SDKs/MacOSX12.0.sdk/usr/lib] ==> [/Applications/Xcode.app/Contents/Developer/Platforms/MacOSX.platform/Developer/SDKs/MacOSX12.0.sdk/usr/lib]
  collapse framework dir [/Applications/Xcode.app/Contents/Developer/Platforms/MacOSX.platform/Developer/SDKs/MacOSX12.0.sdk/System/Library/Frameworks/] ==> [/Applications/Xcode.app/Contents/Developer/Platforms/MacOSX.platform/Developer/SDKs/MacOSX12.0.sdk/System/Library/Frameworks]
  implicit libs: [stdc++;gcc_s.1.1;gcc;gcc]
  implicit objs: []
  implicit dirs: [/opt/homebrew/Cellar/gcc/11.2.0_2/lib/gcc/11/gcc/aarch64-apple-darwin20/11;/opt/homebrew/Cellar/gcc/11.2.0_2/lib/gcc/11;/Applications/Xcode.app/Contents/Developer/Platforms/MacOSX.platform/Developer/SDKs/MacOSX12.0.sdk/usr/lib]
  implicit fwks: [/Applications/Xcode.app/Contents/Developer/Platforms/MacOSX.platform/Developer/SDKs/MacOSX12.0.sdk/System/Library/Frameworks]


